<?xml version="1.0" encoding="UTF-8"?>
<!-- Generated by org.testng.reporters.JUnitXMLReporter -->
<testsuite ignored="2" hostname="WINDOWS-UNR7VLH" failures="0" tests="4" name="Default test" time="63.515" errors="0" timestamp="2023-04-13T17:14:30 IST">
  <testcase classname="com.oyoroombook.testScenarios.BookRoom" name="searchRoomTest" time="24.704"/>
  <testcase classname="com.oyoroombook.testScenarios.BookRoom" name="selectRoomTest" time="7.833"/>
  <testcase classname="com.oyoroombook.testScenarios.BookRoom" name="bookRoomTest" time="8.475"/>
  <testcase classname="com.oyoroombook.testScenarios.BookRoom" name="enterCustomerDetailsTest" time="10.171"/>
  <testcase classname="com.oyoroombook.testScenarios.BookRoom" name="loginTest" time="0.0">
    <ignored/>
  </testcase> <!-- loginTest -->
  <testcase classname="com.oyoroombook.testScenarios.BookRoom" name="logoutTest" time="0.0">
    <ignored/>
  </testcase> <!-- logoutTest -->
</testsuite> <!-- Default test -->
