<?xml version="1.0" encoding="UTF-8"?>
<testng-results ignored="2" total="6" passed="4" failed="0" skipped="0">
  <reporter-output>
  </reporter-output>
  <suite started-at="2023-04-13T17:13:26 IST" name="Default suite" finished-at="2023-04-13T17:14:30 IST" duration-ms="63515">
    <groups>
    </groups>
    <test started-at="2023-04-13T17:13:26 IST" name="Default test" finished-at="2023-04-13T17:14:30 IST" duration-ms="63515">
      <class name="com.oyoroombook.testScenarios.BookRoom">
        <test-method is-config="true" signature="beforeClass()[pri:0, instance:com.oyoroombook.testScenarios.BookRoom@5b239d7d]" started-at="2023-04-13T17:13:26 IST" name="beforeClass" finished-at="2023-04-13T17:13:38 IST" duration-ms="11803" status="PASS">
          <reporter-output>
          </reporter-output>
        </test-method> <!-- beforeClass -->
        <test-method signature="searchRoomTest()[pri:1, instance:com.oyoroombook.testScenarios.BookRoom@5b239d7d]" started-at="2023-04-13T17:13:38 IST" name="searchRoomTest" finished-at="2023-04-13T17:14:03 IST" duration-ms="24704" status="PASS">
          <reporter-output>
          </reporter-output>
        </test-method> <!-- searchRoomTest -->
        <test-method signature="selectRoomTest()[pri:2, instance:com.oyoroombook.testScenarios.BookRoom@5b239d7d]" started-at="2023-04-13T17:14:03 IST" name="selectRoomTest" finished-at="2023-04-13T17:14:11 IST" duration-ms="7833" status="PASS">
          <reporter-output>
          </reporter-output>
        </test-method> <!-- selectRoomTest -->
        <test-method signature="bookRoomTest()[pri:3, instance:com.oyoroombook.testScenarios.BookRoom@5b239d7d]" started-at="2023-04-13T17:14:11 IST" name="bookRoomTest" finished-at="2023-04-13T17:14:19 IST" duration-ms="8475" status="PASS">
          <reporter-output>
          </reporter-output>
        </test-method> <!-- bookRoomTest -->
        <test-method signature="enterCustomerDetailsTest()[pri:4, instance:com.oyoroombook.testScenarios.BookRoom@5b239d7d]" started-at="2023-04-13T17:14:19 IST" name="enterCustomerDetailsTest" finished-at="2023-04-13T17:14:29 IST" duration-ms="10171" status="PASS">
          <reporter-output>
          </reporter-output>
        </test-method> <!-- enterCustomerDetailsTest -->
        <test-method is-config="true" signature="afterClass()[pri:0, instance:com.oyoroombook.testScenarios.BookRoom@5b239d7d]" started-at="2023-04-13T17:14:29 IST" name="afterClass" finished-at="2023-04-13T17:14:30 IST" duration-ms="390" status="PASS">
          <reporter-output>
          </reporter-output>
        </test-method> <!-- afterClass -->
      </class> <!-- com.oyoroombook.testScenarios.BookRoom -->
    </test> <!-- Default test -->
  </suite> <!-- Default suite -->
</testng-results>
